<?xml version="1.0" encoding="UTF-8"?>
<!-- Generated by org.testng.reporters.JUnitXMLReporter -->
<testsuite ignored="0" hostname="DESKTOP-2P7KUM1" failures="2" tests="11" name="Test" time="465.906" errors="0" timestamp="2026-02-16T15:30:41 IST">
  <testcase classname="com.orangeHRM.qa.testCases.VerifyLoginPageTest" name="TC001_verifyLoginPageTitle" time="0.185"/>
  <testcase classname="com.orangeHRM.qa.testCases.VerifyLoginPageTest" name="TC002_verifyValidLoginFunctionality" time="17.775">
    <failure type="java.lang.AssertionError" message="Dashboard page header does not match expected value. expected [Dashboard] but found []">
      <![CDATA[java.lang.AssertionError: Dashboard page header does not match expected value. expected [Dashboard] but found []
at com.orangeHRM.qa.testCases.VerifyLoginPageTest.TC002_verifyValidLoginFunctionality(VerifyLoginPageTest.java:50)
at java.base/java.util.ArrayList.forEach(ArrayList.java:1596)
... Removed 30 stack frames]]>
    </failure>
  </testcase> <!-- TC002_verifyValidLoginFunctionality -->
  <testcase classname="com.orangeHRM.qa.testCases.VerifyLoginPageTest" name="TC003_verifyValidAndInvalidLoginFunctionality" time="58.381"/>
  <testcase classname="com.orangeHRM.qa.testCases.VerifyLoginPageTest" name="TC003_verifyValidAndInvalidLoginFunctionality" time="16.182"/>
  <testcase classname="com.orangeHRM.qa.testCases.VerifyLoginPageTest" name="TC003_verifyValidAndInvalidLoginFunctionality" time="16.055"/>
  <testcase classname="com.orangeHRM.qa.testCases.VerifyLoginPageTest" name="TC003_verifyValidAndInvalidLoginFunctionality" time="13.996"/>
  <testcase classname="com.orangeHRM.qa.testCases.VerifyLoginPageTest" name="TC003_verifyValidAndInvalidLoginFunctionality" time="15.331"/>
  <testcase classname="com.orangeHRM.qa.testCases.VerifyLoginPageTest" name="TC004_verifyInvalidLoginErrorMessage" time="11.947"/>
  <testcase classname="com.orangeHRM.qa.testCases.VerifyLoginPageTest" name="TC005_verifyForgotPasswordLink" time="5.47"/>
  <testcase classname="com.orangeHRM.qa.testCases.VerifyLoginPageTest" name="TC006_verifyLoginPageLogo" time="1.733"/>
  <testcase classname="com.orangeHRM.qa.testCases.VerifyDashboardPageTest" name="TC006_verifyAllMenusArePresent" time="8.971">
    <failure type="java.lang.AssertionError" message="Not all expected main menu items are present on the dashboard. Missing: [Admin, PIM, Leave, Time, Recruitment, My Info, Performance, Dashboard, Directory, Maintenance, Buzz] expected [true] but found [false]">
      <![CDATA[java.lang.AssertionError: Not all expected main menu items are present on the dashboard. Missing: [Admin, PIM, Leave, Time, Recruitment, My Info, Performance, Dashboard, Directory, Maintenance, Buzz] expected [true] but found [false]
at com.orangeHRM.qa.testCases.VerifyDashboardPageTest.TC006_verifyAllMenusArePresent(VerifyDashboardPageTest.java:34)
at java.base/java.util.ArrayList.forEach(ArrayList.java:1596)
... Removed 28 stack frames]]>
    </failure>
  </testcase> <!-- TC006_verifyAllMenusArePresent -->
</testsuite> <!-- Test -->
