<?xml version="1.0" encoding="UTF-8"?>
<!-- Generated by org.testng.reporters.JUnitXMLReporter -->
<testsuite ignored="2" hostname="DESKTOP-2P7KUM1" failures="0" tests="1" name="Test" time="18.388" errors="0" timestamp="2026-02-14T16:02:17 IST">
  <testcase classname="com.orangeHRM.qa.testCases.VerifyLoginPageTest" name="TC001_verifyLoginPageTitle" time="0.126"/>
  <testcase classname="com.orangeHRM.qa.testCases.VerifyLoginPageTest" name="TC003_verifyValidAndInvalidLoginFunctionality" time="0.0">
    <ignored/>
  </testcase> <!-- TC003_verifyValidAndInvalidLoginFunctionality -->
  <testcase classname="com.orangeHRM.qa.testCases.VerifyLoginPageTest" name="TC002_verifyValidLoginFunctionality" time="0.0">
    <ignored/>
  </testcase> <!-- TC002_verifyValidLoginFunctionality -->
</testsuite> <!-- Test -->
