<?xml version="1.0" encoding="UTF-8"?>
<!-- Generated by org.testng.reporters.JUnitXMLReporter -->
<testsuite ignored="0" hostname="DESKTOP-2P7KUM1" failures="0" tests="12" name="Test" time="335.387" errors="0" timestamp="2026-02-16T20:21:59 IST">
  <testcase classname="com.orangeHRM.qa.testCases.VerifyLoginPageTest" name="TC001_verifyLoginPageTitle" time="0.177"/>
  <testcase classname="com.orangeHRM.qa.testCases.VerifyLoginPageTest" name="TC002_verifyValidLoginFunctionality" time="4.705"/>
  <testcase classname="com.orangeHRM.qa.testCases.VerifyLoginPageTest" name="TC003_verifyValidAndInvalidLoginFunctionality" time="8.491"/>
  <testcase classname="com.orangeHRM.qa.testCases.VerifyLoginPageTest" name="TC003_verifyValidAndInvalidLoginFunctionality" time="12.845"/>
  <testcase classname="com.orangeHRM.qa.testCases.VerifyLoginPageTest" name="TC003_verifyValidAndInvalidLoginFunctionality" time="14.443"/>
  <testcase classname="com.orangeHRM.qa.testCases.VerifyLoginPageTest" name="TC003_verifyValidAndInvalidLoginFunctionality" time="14.405"/>
  <testcase classname="com.orangeHRM.qa.testCases.VerifyLoginPageTest" name="TC003_verifyValidAndInvalidLoginFunctionality" time="17.675"/>
  <testcase classname="com.orangeHRM.qa.testCases.VerifyLoginPageTest" name="TC004_verifyInvalidLoginErrorMessage" time="5.063"/>
  <testcase classname="com.orangeHRM.qa.testCases.VerifyLoginPageTest" name="TC005_verifyForgotPasswordLink" time="1.73"/>
  <testcase classname="com.orangeHRM.qa.testCases.VerifyLoginPageTest" name="TC006_verifyLoginPageLogo" time="1.721"/>
  <testcase classname="com.orangeHRM.qa.testCases.VerifyDashboardPageTest" name="TC006_verifyAllMenusArePresent" time="8.719"/>
  <testcase classname="com.orangeHRM.qa.testCases.VerifyDashboardPageTest" name="TC007_verifyQuickLaunchOptions" time="1.983"/>
</testsuite> <!-- Test -->
