<?xml version="1.0" encoding="UTF-8"?>
<!-- Generated by org.testng.reporters.JUnitXMLReporter -->
<testsuite ignored="0" hostname="DESKTOP-2P7KUM1" failures="1" tests="7" name="Test" time="219.411" errors="0" timestamp="2026-02-14T17:07:26 IST">
  <testcase classname="com.orangeHRM.qa.testCases.VerifyLoginPageTest" name="TC001_verifyLoginPageTitle" time="0.111"/>
  <testcase classname="com.orangeHRM.qa.testCases.VerifyLoginPageTest" name="TC002_verifyValidLoginFunctionality" time="5.007"/>
  <testcase classname="com.orangeHRM.qa.testCases.VerifyLoginPageTest" name="TC003_verifyValidAndInvalidLoginFunctionality" time="10.174"/>
  <testcase classname="com.orangeHRM.qa.testCases.VerifyLoginPageTest" name="TC003_verifyValidAndInvalidLoginFunctionality" time="12.217"/>
  <testcase classname="com.orangeHRM.qa.testCases.VerifyLoginPageTest" name="TC003_verifyValidAndInvalidLoginFunctionality" time="12.846"/>
  <testcase classname="com.orangeHRM.qa.testCases.VerifyLoginPageTest" name="TC003_verifyValidAndInvalidLoginFunctionality" time="12.77"/>
  <testcase classname="com.orangeHRM.qa.testCases.VerifyLoginPageTest" name="TC003_verifyValidAndInvalidLoginFunctionality" time="12.169">
    <failure type="java.lang.AssertionError" message="Login was expected to succeed, but it failed. expected [true] but found [false]">
      <![CDATA[java.lang.AssertionError: Login was expected to succeed, but it failed. expected [true] but found [false]
at com.orangeHRM.qa.testCases.VerifyLoginPageTest.TC003_verifyValidAndInvalidLoginFunctionality(VerifyLoginPageTest.java:82)
at java.base/java.util.ArrayList.forEach(ArrayList.java:1596)
... Removed 28 stack frames]]>
    </failure>
  </testcase> <!-- TC003_verifyValidAndInvalidLoginFunctionality -->
</testsuite> <!-- Test -->
