<?xml version="1.0" encoding="UTF-8"?>
<!-- Generated by org.testng.reporters.JUnitXMLReporter -->
<testsuite ignored="0" hostname="DESKTOP-2P7KUM1" failures="0" tests="10" name="Test" time="304.708" errors="0" timestamp="2026-02-16T14:15:55 IST">
  <testcase classname="com.orangeHRM.qa.testCases.VerifyLoginPageTest" name="TC001_verifyLoginPageTitle" time="0.138"/>
  <testcase classname="com.orangeHRM.qa.testCases.VerifyLoginPageTest" name="TC002_verifyValidLoginFunctionality" time="7.698"/>
  <testcase classname="com.orangeHRM.qa.testCases.VerifyLoginPageTest" name="TC003_verifyValidAndInvalidLoginFunctionality" time="7.583"/>
  <testcase classname="com.orangeHRM.qa.testCases.VerifyLoginPageTest" name="TC003_verifyValidAndInvalidLoginFunctionality" time="15.052"/>
  <testcase classname="com.orangeHRM.qa.testCases.VerifyLoginPageTest" name="TC003_verifyValidAndInvalidLoginFunctionality" time="13.01"/>
  <testcase classname="com.orangeHRM.qa.testCases.VerifyLoginPageTest" name="TC003_verifyValidAndInvalidLoginFunctionality" time="12.731"/>
  <testcase classname="com.orangeHRM.qa.testCases.VerifyLoginPageTest" name="TC003_verifyValidAndInvalidLoginFunctionality" time="12.291"/>
  <testcase classname="com.orangeHRM.qa.testCases.VerifyLoginPageTest" name="TC004_verifyInvalidLoginErrorMessage" time="7.199"/>
  <testcase classname="com.orangeHRM.qa.testCases.VerifyLoginPageTest" name="TC005_verifyForgotPasswordLink" time="0.775"/>
  <testcase classname="com.orangeHRM.qa.testCases.VerifyLoginPageTest" name="TC006_verifyLoginPageLogo" time="3.93"/>
</testsuite> <!-- Test -->
