<?xml version="1.0" encoding="UTF-8"?>
<!-- Generated by org.testng.reporters.JUnitXMLReporter -->
<testsuite ignored="0" hostname="DESKTOP-2P7KUM1" failures="0" tests="7" name="Test" time="201.702" errors="0" timestamp="2026-02-14T13:26:07 IST">
  <testcase classname="com.orangeHRM.qa.testCases.VerifyLoginPageTest" name="TC001_verifyLoginPageTitle" time="0.135"/>
  <testcase classname="com.orangeHRM.qa.testCases.VerifyLoginPageTest" name="TC002_verifyValidLoginFunctionality" time="6.365"/>
  <testcase classname="com.orangeHRM.qa.testCases.VerifyLoginPageTest" name="TC003_verifyValidAndInvalidLoginFunctionality" time="7.226"/>
  <testcase classname="com.orangeHRM.qa.testCases.VerifyLoginPageTest" name="TC003_verifyValidAndInvalidLoginFunctionality" time="12.381"/>
  <testcase classname="com.orangeHRM.qa.testCases.VerifyLoginPageTest" name="TC003_verifyValidAndInvalidLoginFunctionality" time="15.714"/>
  <testcase classname="com.orangeHRM.qa.testCases.VerifyLoginPageTest" name="TC003_verifyValidAndInvalidLoginFunctionality" time="13.884"/>
  <testcase classname="com.orangeHRM.qa.testCases.VerifyLoginPageTest" name="TC003_verifyValidAndInvalidLoginFunctionality" time="8.429"/>
</testsuite> <!-- Test -->
