<?xml version="1.0" encoding="UTF-8"?>
<testng-results ignored="0" total="7" passed="7" failed="0" skipped="0">
  <reporter-output>
  </reporter-output>
  <suite started-at="2026-02-14T13:22:45 IST" name="Suite" finished-at="2026-02-14T13:26:07 IST" duration-ms="201702">
    <groups>
    </groups>
    <test started-at="2026-02-14T13:22:45 IST" name="Test" finished-at="2026-02-14T13:26:07 IST" duration-ms="201702">
      <class name="com.orangeHRM.qa.testCases.VerifyLoginPageTest">
        <test-method is-config="true" signature="setup(java.lang.String,java.lang.String)[pri:0, instance:com.orangeHRM.qa.testCases.VerifyLoginPageTest@740d2e78]" started-at="2026-02-14T13:22:45 IST" name="setup" finished-at="2026-02-14T13:22:59 IST" duration-ms="13972" status="PASS">
          <params>
            <param index="0">
              <value>
                <![CDATA[windows]]>
              </value>
            </param>
            <param index="1">
              <value>
                <![CDATA[chrome]]>
              </value>
            </param>
          </params>
          <reporter-output>
          </reporter-output>
        </test-method> <!-- setup -->
        <test-method signature="TC001_verifyLoginPageTitle()[pri:0, instance:com.orangeHRM.qa.testCases.VerifyLoginPageTest@740d2e78]" started-at="2026-02-14T13:22:59 IST" name="TC001_verifyLoginPageTitle" finished-at="2026-02-14T13:22:59 IST" duration-ms="135" status="PASS">
          <reporter-output>
          </reporter-output>
        </test-method> <!-- TC001_verifyLoginPageTitle -->
        <test-method is-config="true" signature="tearDown()[pri:0, instance:com.orangeHRM.qa.testCases.VerifyLoginPageTest@740d2e78]" started-at="2026-02-14T13:22:59 IST" name="tearDown" finished-at="2026-02-14T13:23:00 IST" duration-ms="464" status="PASS">
          <reporter-output>
          </reporter-output>
        </test-method> <!-- tearDown -->
        <test-method is-config="true" signature="setup(java.lang.String,java.lang.String)[pri:0, instance:com.orangeHRM.qa.testCases.VerifyLoginPageTest@740d2e78]" started-at="2026-02-14T13:23:00 IST" name="setup" finished-at="2026-02-14T13:23:26 IST" duration-ms="25992" status="PASS">
          <params>
            <param index="0">
              <value>
                <![CDATA[windows]]>
              </value>
            </param>
            <param index="1">
              <value>
                <![CDATA[chrome]]>
              </value>
            </param>
          </params>
          <reporter-output>
          </reporter-output>
        </test-method> <!-- setup -->
        <test-method signature="TC002_verifyValidLoginFunctionality()[pri:0, instance:com.orangeHRM.qa.testCases.VerifyLoginPageTest@740d2e78]" started-at="2026-02-14T13:23:26 IST" name="TC002_verifyValidLoginFunctionality" finished-at="2026-02-14T13:23:32 IST" duration-ms="6365" status="PASS">
          <reporter-output>
          </reporter-output>
        </test-method> <!-- TC002_verifyValidLoginFunctionality -->
        <test-method is-config="true" signature="tearDown()[pri:0, instance:com.orangeHRM.qa.testCases.VerifyLoginPageTest@740d2e78]" started-at="2026-02-14T13:23:32 IST" name="tearDown" finished-at="2026-02-14T13:23:33 IST" duration-ms="413" status="PASS">
          <reporter-output>
          </reporter-output>
        </test-method> <!-- tearDown -->
        <test-method is-config="true" signature="setup(java.lang.String,java.lang.String)[pri:0, instance:com.orangeHRM.qa.testCases.VerifyLoginPageTest@740d2e78]" started-at="2026-02-14T13:23:36 IST" name="setup" finished-at="2026-02-14T13:23:53 IST" duration-ms="16865" status="PASS">
          <params>
            <param index="0">
              <value>
                <![CDATA[windows]]>
              </value>
            </param>
            <param index="1">
              <value>
                <![CDATA[chrome]]>
              </value>
            </param>
          </params>
          <reporter-output>
          </reporter-output>
        </test-method> <!-- setup -->
        <test-method signature="TC003_verifyValidAndInvalidLoginFunctionality(java.lang.String,java.lang.String,java.lang.String)[pri:0, instance:com.orangeHRM.qa.testCases.VerifyLoginPageTest@740d2e78]" started-at="2026-02-14T13:23:53 IST" name="TC003_verifyValidAndInvalidLoginFunctionality" data-provider="LoginData" finished-at="2026-02-14T13:24:00 IST" duration-ms="7226" status="PASS">
          <params>
            <param index="0">
              <value>
                <![CDATA[Admin]]>
              </value>
            </param>
            <param index="1">
              <value>
                <![CDATA[admin123]]>
              </value>
            </param>
            <param index="2">
              <value>
                <![CDATA[Valid]]>
              </value>
            </param>
          </params>
          <reporter-output>
          </reporter-output>
        </test-method> <!-- TC003_verifyValidAndInvalidLoginFunctionality -->
        <test-method is-config="true" signature="tearDown()[pri:0, instance:com.orangeHRM.qa.testCases.VerifyLoginPageTest@740d2e78]" started-at="2026-02-14T13:24:00 IST" name="tearDown" finished-at="2026-02-14T13:24:00 IST" duration-ms="545" status="PASS">
          <reporter-output>
          </reporter-output>
        </test-method> <!-- tearDown -->
        <test-method is-config="true" signature="setup(java.lang.String,java.lang.String)[pri:0, instance:com.orangeHRM.qa.testCases.VerifyLoginPageTest@740d2e78]" started-at="2026-02-14T13:24:00 IST" name="setup" finished-at="2026-02-14T13:24:14 IST" duration-ms="13765" status="PASS">
          <params>
            <param index="0">
              <value>
                <![CDATA[windows]]>
              </value>
            </param>
            <param index="1">
              <value>
                <![CDATA[chrome]]>
              </value>
            </param>
          </params>
          <reporter-output>
          </reporter-output>
        </test-method> <!-- setup -->
        <test-method signature="TC003_verifyValidAndInvalidLoginFunctionality(java.lang.String,java.lang.String,java.lang.String)[pri:0, instance:com.orangeHRM.qa.testCases.VerifyLoginPageTest@740d2e78]" started-at="2026-02-14T13:24:14 IST" name="TC003_verifyValidAndInvalidLoginFunctionality" data-provider="LoginData" finished-at="2026-02-14T13:24:26 IST" duration-ms="12381" status="PASS">
          <params>
            <param index="0">
              <value>
                <![CDATA[admin]]>
              </value>
            </param>
            <param index="1">
              <value>
                <![CDATA[admin1234]]>
              </value>
            </param>
            <param index="2">
              <value>
                <![CDATA[Invalid]]>
              </value>
            </param>
          </params>
          <reporter-output>
          </reporter-output>
        </test-method> <!-- TC003_verifyValidAndInvalidLoginFunctionality -->
        <test-method is-config="true" signature="tearDown()[pri:0, instance:com.orangeHRM.qa.testCases.VerifyLoginPageTest@740d2e78]" started-at="2026-02-14T13:24:26 IST" name="tearDown" finished-at="2026-02-14T13:24:27 IST" duration-ms="598" status="PASS">
          <reporter-output>
          </reporter-output>
        </test-method> <!-- tearDown -->
        <test-method is-config="true" signature="setup(java.lang.String,java.lang.String)[pri:0, instance:com.orangeHRM.qa.testCases.VerifyLoginPageTest@740d2e78]" started-at="2026-02-14T13:24:27 IST" name="setup" finished-at="2026-02-14T13:24:35 IST" duration-ms="8398" status="PASS">
          <params>
            <param index="0">
              <value>
                <![CDATA[windows]]>
              </value>
            </param>
            <param index="1">
              <value>
                <![CDATA[chrome]]>
              </value>
            </param>
          </params>
          <reporter-output>
          </reporter-output>
        </test-method> <!-- setup -->
        <test-method signature="TC003_verifyValidAndInvalidLoginFunctionality(java.lang.String,java.lang.String,java.lang.String)[pri:0, instance:com.orangeHRM.qa.testCases.VerifyLoginPageTest@740d2e78]" started-at="2026-02-14T13:24:35 IST" name="TC003_verifyValidAndInvalidLoginFunctionality" data-provider="LoginData" finished-at="2026-02-14T13:24:51 IST" duration-ms="15714" status="PASS">
          <params>
            <param index="0">
              <value>
                <![CDATA[admin1]]>
              </value>
            </param>
            <param index="1">
              <value>
                <![CDATA[admin321]]>
              </value>
            </param>
            <param index="2">
              <value>
                <![CDATA[Invalid]]>
              </value>
            </param>
          </params>
          <reporter-output>
          </reporter-output>
        </test-method> <!-- TC003_verifyValidAndInvalidLoginFunctionality -->
        <test-method is-config="true" signature="tearDown()[pri:0, instance:com.orangeHRM.qa.testCases.VerifyLoginPageTest@740d2e78]" started-at="2026-02-14T13:24:51 IST" name="tearDown" finished-at="2026-02-14T13:24:52 IST" duration-ms="503" status="PASS">
          <reporter-output>
          </reporter-output>
        </test-method> <!-- tearDown -->
        <test-method is-config="true" signature="setup(java.lang.String,java.lang.String)[pri:0, instance:com.orangeHRM.qa.testCases.VerifyLoginPageTest@740d2e78]" started-at="2026-02-14T13:24:52 IST" name="setup" finished-at="2026-02-14T13:25:06 IST" duration-ms="14770" status="PASS">
          <params>
            <param index="0">
              <value>
                <![CDATA[windows]]>
              </value>
            </param>
            <param index="1">
              <value>
                <![CDATA[chrome]]>
              </value>
            </param>
          </params>
          <reporter-output>
          </reporter-output>
        </test-method> <!-- setup -->
        <test-method signature="TC003_verifyValidAndInvalidLoginFunctionality(java.lang.String,java.lang.String,java.lang.String)[pri:0, instance:com.orangeHRM.qa.testCases.VerifyLoginPageTest@740d2e78]" started-at="2026-02-14T13:25:06 IST" name="TC003_verifyValidAndInvalidLoginFunctionality" data-provider="LoginData" finished-at="2026-02-14T13:25:20 IST" duration-ms="13884" status="PASS">
          <params>
            <param index="0">
              <value>
                <![CDATA[Admin]]>
              </value>
            </param>
            <param index="1">
              <value>
                <![CDATA[admin1232]]>
              </value>
            </param>
            <param index="2">
              <value>
                <![CDATA[Invalid]]>
              </value>
            </param>
          </params>
          <reporter-output>
          </reporter-output>
        </test-method> <!-- TC003_verifyValidAndInvalidLoginFunctionality -->
        <test-method is-config="true" signature="tearDown()[pri:0, instance:com.orangeHRM.qa.testCases.VerifyLoginPageTest@740d2e78]" started-at="2026-02-14T13:25:20 IST" name="tearDown" finished-at="2026-02-14T13:25:21 IST" duration-ms="591" status="PASS">
          <reporter-output>
          </reporter-output>
        </test-method> <!-- tearDown -->
        <test-method is-config="true" signature="setup(java.lang.String,java.lang.String)[pri:0, instance:com.orangeHRM.qa.testCases.VerifyLoginPageTest@740d2e78]" started-at="2026-02-14T13:25:21 IST" name="setup" finished-at="2026-02-14T13:25:58 IST" duration-ms="37150" status="PASS">
          <params>
            <param index="0">
              <value>
                <![CDATA[windows]]>
              </value>
            </param>
            <param index="1">
              <value>
                <![CDATA[chrome]]>
              </value>
            </param>
          </params>
          <reporter-output>
          </reporter-output>
        </test-method> <!-- setup -->
        <test-method signature="TC003_verifyValidAndInvalidLoginFunctionality(java.lang.String,java.lang.String,java.lang.String)[pri:0, instance:com.orangeHRM.qa.testCases.VerifyLoginPageTest@740d2e78]" started-at="2026-02-14T13:25:58 IST" name="TC003_verifyValidAndInvalidLoginFunctionality" data-provider="LoginData" finished-at="2026-02-14T13:26:06 IST" duration-ms="8429" status="PASS">
          <params>
            <param index="0">
              <value>
                <![CDATA[Admin]]>
              </value>
            </param>
            <param index="1">
              <value>
                <![CDATA[admin123]]>
              </value>
            </param>
            <param index="2">
              <value>
                <![CDATA[Valid]]>
              </value>
            </param>
          </params>
          <reporter-output>
          </reporter-output>
        </test-method> <!-- TC003_verifyValidAndInvalidLoginFunctionality -->
        <test-method is-config="true" signature="tearDown()[pri:0, instance:com.orangeHRM.qa.testCases.VerifyLoginPageTest@740d2e78]" started-at="2026-02-14T13:26:07 IST" name="tearDown" finished-at="2026-02-14T13:26:07 IST" duration-ms="398" status="PASS">
          <reporter-output>
          </reporter-output>
        </test-method> <!-- tearDown -->
      </class> <!-- com.orangeHRM.qa.testCases.VerifyLoginPageTest -->
    </test> <!-- Test -->
  </suite> <!-- Suite -->
</testng-results>
