<?xml version="1.0" encoding="UTF-8"?>
<testng-results ignored="0" total="11" passed="9" failed="2" skipped="0">
  <reporter-output>
  </reporter-output>
  <suite started-at="2026-02-16T15:22:53 IST" name="Suite" finished-at="2026-02-16T15:30:39 IST" duration-ms="465906">
    <groups>
      <group name="Master">
        <method signature="VerifyDashboardPageTest.TC006_verifyAllMenusArePresent()[pri:0, instance:com.orangeHRM.qa.testCases.VerifyDashboardPageTest@39655d3e]" name="TC006_verifyAllMenusArePresent" class="com.orangeHRM.qa.testCases.VerifyDashboardPageTest"/>
        <method signature="VerifyLoginPageTest.TC001_verifyLoginPageTitle()[pri:0, instance:com.orangeHRM.qa.testCases.VerifyLoginPageTest@4331d187]" name="TC001_verifyLoginPageTitle" class="com.orangeHRM.qa.testCases.VerifyLoginPageTest"/>
        <method signature="VerifyLoginPageTest.TC002_verifyValidLoginFunctionality()[pri:0, instance:com.orangeHRM.qa.testCases.VerifyLoginPageTest@4331d187]" name="TC002_verifyValidLoginFunctionality" class="com.orangeHRM.qa.testCases.VerifyLoginPageTest"/>
        <method signature="VerifyLoginPageTest.TC003_verifyValidAndInvalidLoginFunctionality(java.lang.String,java.lang.String,java.lang.String)[pri:0, instance:com.orangeHRM.qa.testCases.VerifyLoginPageTest@4331d187]" name="TC003_verifyValidAndInvalidLoginFunctionality" class="com.orangeHRM.qa.testCases.VerifyLoginPageTest"/>
        <method signature="VerifyLoginPageTest.TC004_verifyInvalidLoginErrorMessage()[pri:0, instance:com.orangeHRM.qa.testCases.VerifyLoginPageTest@4331d187]" name="TC004_verifyInvalidLoginErrorMessage" class="com.orangeHRM.qa.testCases.VerifyLoginPageTest"/>
        <method signature="VerifyLoginPageTest.TC005_verifyForgotPasswordLink()[pri:0, instance:com.orangeHRM.qa.testCases.VerifyLoginPageTest@4331d187]" name="TC005_verifyForgotPasswordLink" class="com.orangeHRM.qa.testCases.VerifyLoginPageTest"/>
        <method signature="VerifyLoginPageTest.TC006_verifyLoginPageLogo()[pri:0, instance:com.orangeHRM.qa.testCases.VerifyLoginPageTest@4331d187]" name="TC006_verifyLoginPageLogo" class="com.orangeHRM.qa.testCases.VerifyLoginPageTest"/>
      </group> <!-- Master -->
      <group name="Sanity">
        <method signature="VerifyLoginPageTest.TC002_verifyValidLoginFunctionality()[pri:0, instance:com.orangeHRM.qa.testCases.VerifyLoginPageTest@4331d187]" name="TC002_verifyValidLoginFunctionality" class="com.orangeHRM.qa.testCases.VerifyLoginPageTest"/>
      </group> <!-- Sanity -->
      <group name="DataDriven">
        <method signature="VerifyLoginPageTest.TC003_verifyValidAndInvalidLoginFunctionality(java.lang.String,java.lang.String,java.lang.String)[pri:0, instance:com.orangeHRM.qa.testCases.VerifyLoginPageTest@4331d187]" name="TC003_verifyValidAndInvalidLoginFunctionality" class="com.orangeHRM.qa.testCases.VerifyLoginPageTest"/>
      </group> <!-- DataDriven -->
      <group name="Regression">
        <method signature="VerifyDashboardPageTest.TC006_verifyAllMenusArePresent()[pri:0, instance:com.orangeHRM.qa.testCases.VerifyDashboardPageTest@39655d3e]" name="TC006_verifyAllMenusArePresent" class="com.orangeHRM.qa.testCases.VerifyDashboardPageTest"/>
        <method signature="VerifyLoginPageTest.TC001_verifyLoginPageTitle()[pri:0, instance:com.orangeHRM.qa.testCases.VerifyLoginPageTest@4331d187]" name="TC001_verifyLoginPageTitle" class="com.orangeHRM.qa.testCases.VerifyLoginPageTest"/>
        <method signature="VerifyLoginPageTest.TC004_verifyInvalidLoginErrorMessage()[pri:0, instance:com.orangeHRM.qa.testCases.VerifyLoginPageTest@4331d187]" name="TC004_verifyInvalidLoginErrorMessage" class="com.orangeHRM.qa.testCases.VerifyLoginPageTest"/>
        <method signature="VerifyLoginPageTest.TC005_verifyForgotPasswordLink()[pri:0, instance:com.orangeHRM.qa.testCases.VerifyLoginPageTest@4331d187]" name="TC005_verifyForgotPasswordLink" class="com.orangeHRM.qa.testCases.VerifyLoginPageTest"/>
        <method signature="VerifyLoginPageTest.TC006_verifyLoginPageLogo()[pri:0, instance:com.orangeHRM.qa.testCases.VerifyLoginPageTest@4331d187]" name="TC006_verifyLoginPageLogo" class="com.orangeHRM.qa.testCases.VerifyLoginPageTest"/>
      </group> <!-- Regression -->
    </groups>
    <test started-at="2026-02-16T15:22:53 IST" name="Test" finished-at="2026-02-16T15:30:39 IST" duration-ms="465906">
      <class name="com.orangeHRM.qa.testCases.VerifyDashboardPageTest">
        <test-method is-config="true" signature="setup(org.testng.ITestContext)[pri:0, instance:com.orangeHRM.qa.testCases.VerifyDashboardPageTest@39655d3e]" started-at="2026-02-16T15:30:09 IST" name="setup" finished-at="2026-02-16T15:30:29 IST" duration-ms="20470" status="PASS">
          <params>
            <param index="0">
              <value>
                <![CDATA[org.testng.TestRunner@6ffc6ea7]]>
              </value>
            </param>
          </params>
          <reporter-output>
          </reporter-output>
        </test-method> <!-- setup -->
        <test-method signature="TC006_verifyAllMenusArePresent()[pri:0, instance:com.orangeHRM.qa.testCases.VerifyDashboardPageTest@39655d3e]" started-at="2026-02-16T15:30:29 IST" name="TC006_verifyAllMenusArePresent" finished-at="2026-02-16T15:30:38 IST" duration-ms="8971" status="FAIL">
          <exception class="java.lang.AssertionError">
            <message>
              <![CDATA[Not all expected main menu items are present on the dashboard. Missing: [Admin, PIM, Leave, Time, Recruitment, My Info, Performance, Dashboard, Directory, Maintenance, Buzz] expected [true] but found [false]]]>
            </message>
            <full-stacktrace>
              <![CDATA[java.lang.AssertionError: Not all expected main menu items are present on the dashboard. Missing: [Admin, PIM, Leave, Time, Recruitment, My Info, Performance, Dashboard, Directory, Maintenance, Buzz] expected [true] but found [false]
at org.testng.Assert.fail(Assert.java:111)
at org.testng.Assert.failNotEquals(Assert.java:1578)
at org.testng.Assert.assertTrue(Assert.java:57)
at com.orangeHRM.qa.testCases.VerifyDashboardPageTest.TC006_verifyAllMenusArePresent(VerifyDashboardPageTest.java:34)
at java.base/jdk.internal.reflect.DirectMethodHandleAccessor.invoke(DirectMethodHandleAccessor.java:103)
at java.base/java.lang.reflect.Method.invoke(Method.java:580)
at org.testng.internal.invokers.MethodInvocationHelper.invokeMethod(MethodInvocationHelper.java:141)
at org.testng.internal.invokers.TestInvoker.invokeMethod(TestInvoker.java:686)
at org.testng.internal.invokers.TestInvoker.invokeTestMethod(TestInvoker.java:230)
at org.testng.internal.invokers.MethodRunner.runInSequence(MethodRunner.java:63)
at org.testng.internal.invokers.TestInvoker$MethodInvocationAgent.invoke(TestInvoker.java:992)
at org.testng.internal.invokers.TestInvoker.invokeTestMethods(TestInvoker.java:203)
at org.testng.internal.invokers.TestMethodWorker.invokeTestMethods(TestMethodWorker.java:154)
at org.testng.internal.invokers.TestMethodWorker.run(TestMethodWorker.java:134)
at java.base/java.util.ArrayList.forEach(ArrayList.java:1596)
at org.testng.TestRunner.privateRun(TestRunner.java:739)
at org.testng.TestRunner.run(TestRunner.java:614)
at org.testng.SuiteRunner.runTest(SuiteRunner.java:421)
at org.testng.SuiteRunner.runSequentially(SuiteRunner.java:413)
at org.testng.SuiteRunner.privateRun(SuiteRunner.java:373)
at org.testng.SuiteRunner.run(SuiteRunner.java:312)
at org.testng.SuiteRunnerWorker.runSuite(SuiteRunnerWorker.java:52)
at org.testng.SuiteRunnerWorker.run(SuiteRunnerWorker.java:95)
at org.testng.TestNG.runSuitesSequentially(TestNG.java:1274)
at org.testng.TestNG.runSuitesLocally(TestNG.java:1208)
at org.testng.TestNG.runSuites(TestNG.java:1112)
at org.testng.TestNG.run(TestNG.java:1079)
at org.testng.remote.AbstractRemoteTestNG.run(AbstractRemoteTestNG.java:115)
at org.testng.remote.RemoteTestNG.initAndRun(RemoteTestNG.java:293)
at org.testng.remote.RemoteTestNG.main(RemoteTestNG.java:91)
]]>
            </full-stacktrace>
          </exception> <!-- java.lang.AssertionError -->
          <reporter-output>
          </reporter-output>
        </test-method> <!-- TC006_verifyAllMenusArePresent -->
        <test-method is-config="true" signature="tearDown()[pri:0, instance:com.orangeHRM.qa.testCases.VerifyDashboardPageTest@39655d3e]" started-at="2026-02-16T15:30:38 IST" name="tearDown" finished-at="2026-02-16T15:30:39 IST" duration-ms="513" status="PASS">
          <reporter-output>
          </reporter-output>
        </test-method> <!-- tearDown -->
      </class> <!-- com.orangeHRM.qa.testCases.VerifyDashboardPageTest -->
      <class name="com.orangeHRM.qa.testCases.VerifyLoginPageTest">
        <test-method is-config="true" signature="setup(org.testng.ITestContext)[pri:0, instance:com.orangeHRM.qa.testCases.VerifyLoginPageTest@4331d187]" started-at="2026-02-16T15:22:53 IST" name="setup" finished-at="2026-02-16T15:23:09 IST" duration-ms="15995" status="PASS">
          <params>
            <param index="0">
              <value>
                <![CDATA[org.testng.TestRunner@6ffc6ea7]]>
              </value>
            </param>
          </params>
          <reporter-output>
          </reporter-output>
        </test-method> <!-- setup -->
        <test-method signature="TC001_verifyLoginPageTitle()[pri:0, instance:com.orangeHRM.qa.testCases.VerifyLoginPageTest@4331d187]" started-at="2026-02-16T15:23:09 IST" name="TC001_verifyLoginPageTitle" finished-at="2026-02-16T15:23:10 IST" duration-ms="185" status="PASS">
          <reporter-output>
          </reporter-output>
        </test-method> <!-- TC001_verifyLoginPageTitle -->
        <test-method is-config="true" signature="tearDown()[pri:0, instance:com.orangeHRM.qa.testCases.VerifyLoginPageTest@4331d187]" started-at="2026-02-16T15:23:10 IST" name="tearDown" finished-at="2026-02-16T15:23:10 IST" duration-ms="589" status="PASS">
          <reporter-output>
          </reporter-output>
        </test-method> <!-- tearDown -->
        <test-method is-config="true" signature="setup(org.testng.ITestContext)[pri:0, instance:com.orangeHRM.qa.testCases.VerifyLoginPageTest@4331d187]" started-at="2026-02-16T15:23:10 IST" name="setup" finished-at="2026-02-16T15:23:25 IST" duration-ms="14422" status="PASS">
          <params>
            <param index="0">
              <value>
                <![CDATA[org.testng.TestRunner@6ffc6ea7]]>
              </value>
            </param>
          </params>
          <reporter-output>
          </reporter-output>
        </test-method> <!-- setup -->
        <test-method signature="TC002_verifyValidLoginFunctionality()[pri:0, instance:com.orangeHRM.qa.testCases.VerifyLoginPageTest@4331d187]" started-at="2026-02-16T15:23:25 IST" name="TC002_verifyValidLoginFunctionality" finished-at="2026-02-16T15:23:43 IST" duration-ms="17775" status="FAIL">
          <exception class="java.lang.AssertionError">
            <message>
              <![CDATA[Dashboard page header does not match expected value. expected [Dashboard] but found []]]>
            </message>
            <full-stacktrace>
              <![CDATA[java.lang.AssertionError: Dashboard page header does not match expected value. expected [Dashboard] but found []
at org.testng.Assert.fail(Assert.java:111)
at org.testng.Assert.failNotEquals(Assert.java:1578)
at org.testng.Assert.assertEqualsImpl(Assert.java:150)
at org.testng.Assert.assertEquals(Assert.java:132)
at org.testng.Assert.assertEquals(Assert.java:656)
at com.orangeHRM.qa.testCases.VerifyLoginPageTest.TC002_verifyValidLoginFunctionality(VerifyLoginPageTest.java:50)
at java.base/jdk.internal.reflect.DirectMethodHandleAccessor.invoke(DirectMethodHandleAccessor.java:103)
at java.base/java.lang.reflect.Method.invoke(Method.java:580)
at org.testng.internal.invokers.MethodInvocationHelper.invokeMethod(MethodInvocationHelper.java:141)
at org.testng.internal.invokers.TestInvoker.invokeMethod(TestInvoker.java:686)
at org.testng.internal.invokers.TestInvoker.invokeTestMethod(TestInvoker.java:230)
at org.testng.internal.invokers.MethodRunner.runInSequence(MethodRunner.java:63)
at org.testng.internal.invokers.TestInvoker$MethodInvocationAgent.invoke(TestInvoker.java:992)
at org.testng.internal.invokers.TestInvoker.invokeTestMethods(TestInvoker.java:203)
at org.testng.internal.invokers.TestMethodWorker.invokeTestMethods(TestMethodWorker.java:154)
at org.testng.internal.invokers.TestMethodWorker.run(TestMethodWorker.java:134)
at java.base/java.util.ArrayList.forEach(ArrayList.java:1596)
at org.testng.TestRunner.privateRun(TestRunner.java:739)
at org.testng.TestRunner.run(TestRunner.java:614)
at org.testng.SuiteRunner.runTest(SuiteRunner.java:421)
at org.testng.SuiteRunner.runSequentially(SuiteRunner.java:413)
at org.testng.SuiteRunner.privateRun(SuiteRunner.java:373)
at org.testng.SuiteRunner.run(SuiteRunner.java:312)
at org.testng.SuiteRunnerWorker.runSuite(SuiteRunnerWorker.java:52)
at org.testng.SuiteRunnerWorker.run(SuiteRunnerWorker.java:95)
at org.testng.TestNG.runSuitesSequentially(TestNG.java:1274)
at org.testng.TestNG.runSuitesLocally(TestNG.java:1208)
at org.testng.TestNG.runSuites(TestNG.java:1112)
at org.testng.TestNG.run(TestNG.java:1079)
at org.testng.remote.AbstractRemoteTestNG.run(AbstractRemoteTestNG.java:115)
at org.testng.remote.RemoteTestNG.initAndRun(RemoteTestNG.java:293)
at org.testng.remote.RemoteTestNG.main(RemoteTestNG.java:91)
]]>
            </full-stacktrace>
          </exception> <!-- java.lang.AssertionError -->
          <reporter-output>
          </reporter-output>
        </test-method> <!-- TC002_verifyValidLoginFunctionality -->
        <test-method is-config="true" signature="tearDown()[pri:0, instance:com.orangeHRM.qa.testCases.VerifyLoginPageTest@4331d187]" started-at="2026-02-16T15:23:43 IST" name="tearDown" finished-at="2026-02-16T15:23:43 IST" duration-ms="536" status="PASS">
          <reporter-output>
          </reporter-output>
        </test-method> <!-- tearDown -->
        <test-method is-config="true" signature="setup(org.testng.ITestContext)[pri:0, instance:com.orangeHRM.qa.testCases.VerifyLoginPageTest@4331d187]" started-at="2026-02-16T15:23:46 IST" name="setup" finished-at="2026-02-16T15:24:05 IST" duration-ms="18841" status="PASS">
          <params>
            <param index="0">
              <value>
                <![CDATA[org.testng.TestRunner@6ffc6ea7]]>
              </value>
            </param>
          </params>
          <reporter-output>
          </reporter-output>
        </test-method> <!-- setup -->
        <test-method signature="TC003_verifyValidAndInvalidLoginFunctionality(java.lang.String,java.lang.String,java.lang.String)[pri:0, instance:com.orangeHRM.qa.testCases.VerifyLoginPageTest@4331d187]" started-at="2026-02-16T15:24:05 IST" name="TC003_verifyValidAndInvalidLoginFunctionality" data-provider="LoginData" finished-at="2026-02-16T15:25:03 IST" duration-ms="58381" status="PASS">
          <params>
            <param index="0">
              <value>
                <![CDATA[Admin]]>
              </value>
            </param>
            <param index="1">
              <value>
                <![CDATA[admin123]]>
              </value>
            </param>
            <param index="2">
              <value>
                <![CDATA[Valid]]>
              </value>
            </param>
          </params>
          <reporter-output>
          </reporter-output>
        </test-method> <!-- TC003_verifyValidAndInvalidLoginFunctionality -->
        <test-method is-config="true" signature="tearDown()[pri:0, instance:com.orangeHRM.qa.testCases.VerifyLoginPageTest@4331d187]" started-at="2026-02-16T15:25:03 IST" name="tearDown" finished-at="2026-02-16T15:25:04 IST" duration-ms="534" status="PASS">
          <reporter-output>
          </reporter-output>
        </test-method> <!-- tearDown -->
        <test-method is-config="true" signature="setup(org.testng.ITestContext)[pri:0, instance:com.orangeHRM.qa.testCases.VerifyLoginPageTest@4331d187]" started-at="2026-02-16T15:25:04 IST" name="setup" finished-at="2026-02-16T15:25:35 IST" duration-ms="31803" status="PASS">
          <params>
            <param index="0">
              <value>
                <![CDATA[org.testng.TestRunner@6ffc6ea7]]>
              </value>
            </param>
          </params>
          <reporter-output>
          </reporter-output>
        </test-method> <!-- setup -->
        <test-method signature="TC003_verifyValidAndInvalidLoginFunctionality(java.lang.String,java.lang.String,java.lang.String)[pri:0, instance:com.orangeHRM.qa.testCases.VerifyLoginPageTest@4331d187]" started-at="2026-02-16T15:25:35 IST" name="TC003_verifyValidAndInvalidLoginFunctionality" data-provider="LoginData" finished-at="2026-02-16T15:25:52 IST" duration-ms="16182" status="PASS">
          <params>
            <param index="0">
              <value>
                <![CDATA[admin]]>
              </value>
            </param>
            <param index="1">
              <value>
                <![CDATA[admin1234]]>
              </value>
            </param>
            <param index="2">
              <value>
                <![CDATA[Invalid]]>
              </value>
            </param>
          </params>
          <reporter-output>
          </reporter-output>
        </test-method> <!-- TC003_verifyValidAndInvalidLoginFunctionality -->
        <test-method is-config="true" signature="tearDown()[pri:0, instance:com.orangeHRM.qa.testCases.VerifyLoginPageTest@4331d187]" started-at="2026-02-16T15:25:52 IST" name="tearDown" finished-at="2026-02-16T15:25:52 IST" duration-ms="576" status="PASS">
          <reporter-output>
          </reporter-output>
        </test-method> <!-- tearDown -->
        <test-method is-config="true" signature="setup(org.testng.ITestContext)[pri:0, instance:com.orangeHRM.qa.testCases.VerifyLoginPageTest@4331d187]" started-at="2026-02-16T15:25:52 IST" name="setup" finished-at="2026-02-16T15:26:21 IST" duration-ms="29092" status="PASS">
          <params>
            <param index="0">
              <value>
                <![CDATA[org.testng.TestRunner@6ffc6ea7]]>
              </value>
            </param>
          </params>
          <reporter-output>
          </reporter-output>
        </test-method> <!-- setup -->
        <test-method signature="TC003_verifyValidAndInvalidLoginFunctionality(java.lang.String,java.lang.String,java.lang.String)[pri:0, instance:com.orangeHRM.qa.testCases.VerifyLoginPageTest@4331d187]" started-at="2026-02-16T15:26:21 IST" name="TC003_verifyValidAndInvalidLoginFunctionality" data-provider="LoginData" finished-at="2026-02-16T15:26:37 IST" duration-ms="16055" status="PASS">
          <params>
            <param index="0">
              <value>
                <![CDATA[admin1]]>
              </value>
            </param>
            <param index="1">
              <value>
                <![CDATA[admin321]]>
              </value>
            </param>
            <param index="2">
              <value>
                <![CDATA[Invalid]]>
              </value>
            </param>
          </params>
          <reporter-output>
          </reporter-output>
        </test-method> <!-- TC003_verifyValidAndInvalidLoginFunctionality -->
        <test-method is-config="true" signature="tearDown()[pri:0, instance:com.orangeHRM.qa.testCases.VerifyLoginPageTest@4331d187]" started-at="2026-02-16T15:26:37 IST" name="tearDown" finished-at="2026-02-16T15:26:38 IST" duration-ms="473" status="PASS">
          <reporter-output>
          </reporter-output>
        </test-method> <!-- tearDown -->
        <test-method is-config="true" signature="setup(org.testng.ITestContext)[pri:0, instance:com.orangeHRM.qa.testCases.VerifyLoginPageTest@4331d187]" started-at="2026-02-16T15:26:38 IST" name="setup" finished-at="2026-02-16T15:27:43 IST" duration-ms="65462" status="PASS">
          <params>
            <param index="0">
              <value>
                <![CDATA[org.testng.TestRunner@6ffc6ea7]]>
              </value>
            </param>
          </params>
          <reporter-output>
          </reporter-output>
        </test-method> <!-- setup -->
        <test-method signature="TC003_verifyValidAndInvalidLoginFunctionality(java.lang.String,java.lang.String,java.lang.String)[pri:0, instance:com.orangeHRM.qa.testCases.VerifyLoginPageTest@4331d187]" started-at="2026-02-16T15:27:43 IST" name="TC003_verifyValidAndInvalidLoginFunctionality" data-provider="LoginData" finished-at="2026-02-16T15:27:57 IST" duration-ms="13996" status="PASS">
          <params>
            <param index="0">
              <value>
                <![CDATA[Admin]]>
              </value>
            </param>
            <param index="1">
              <value>
                <![CDATA[admin1232]]>
              </value>
            </param>
            <param index="2">
              <value>
                <![CDATA[Invalid]]>
              </value>
            </param>
          </params>
          <reporter-output>
          </reporter-output>
        </test-method> <!-- TC003_verifyValidAndInvalidLoginFunctionality -->
        <test-method is-config="true" signature="tearDown()[pri:0, instance:com.orangeHRM.qa.testCases.VerifyLoginPageTest@4331d187]" started-at="2026-02-16T15:27:57 IST" name="tearDown" finished-at="2026-02-16T15:27:58 IST" duration-ms="522" status="PASS">
          <reporter-output>
          </reporter-output>
        </test-method> <!-- tearDown -->
        <test-method is-config="true" signature="setup(org.testng.ITestContext)[pri:0, instance:com.orangeHRM.qa.testCases.VerifyLoginPageTest@4331d187]" started-at="2026-02-16T15:27:58 IST" name="setup" finished-at="2026-02-16T15:28:12 IST" duration-ms="14042" status="PASS">
          <params>
            <param index="0">
              <value>
                <![CDATA[org.testng.TestRunner@6ffc6ea7]]>
              </value>
            </param>
          </params>
          <reporter-output>
          </reporter-output>
        </test-method> <!-- setup -->
        <test-method signature="TC003_verifyValidAndInvalidLoginFunctionality(java.lang.String,java.lang.String,java.lang.String)[pri:0, instance:com.orangeHRM.qa.testCases.VerifyLoginPageTest@4331d187]" started-at="2026-02-16T15:28:12 IST" name="TC003_verifyValidAndInvalidLoginFunctionality" data-provider="LoginData" finished-at="2026-02-16T15:28:27 IST" duration-ms="15331" status="PASS">
          <params>
            <param index="0">
              <value>
                <![CDATA[Admin]]>
              </value>
            </param>
            <param index="1">
              <value>
                <![CDATA[admin123]]>
              </value>
            </param>
            <param index="2">
              <value>
                <![CDATA[Valid]]>
              </value>
            </param>
          </params>
          <reporter-output>
          </reporter-output>
        </test-method> <!-- TC003_verifyValidAndInvalidLoginFunctionality -->
        <test-method is-config="true" signature="tearDown()[pri:0, instance:com.orangeHRM.qa.testCases.VerifyLoginPageTest@4331d187]" started-at="2026-02-16T15:28:27 IST" name="tearDown" finished-at="2026-02-16T15:28:29 IST" duration-ms="2074" status="PASS">
          <reporter-output>
          </reporter-output>
        </test-method> <!-- tearDown -->
        <test-method is-config="true" signature="setup(org.testng.ITestContext)[pri:0, instance:com.orangeHRM.qa.testCases.VerifyLoginPageTest@4331d187]" started-at="2026-02-16T15:28:29 IST" name="setup" finished-at="2026-02-16T15:28:41 IST" duration-ms="11517" status="PASS">
          <params>
            <param index="0">
              <value>
                <![CDATA[org.testng.TestRunner@6ffc6ea7]]>
              </value>
            </param>
          </params>
          <reporter-output>
          </reporter-output>
        </test-method> <!-- setup -->
        <test-method signature="TC004_verifyInvalidLoginErrorMessage()[pri:0, instance:com.orangeHRM.qa.testCases.VerifyLoginPageTest@4331d187]" started-at="2026-02-16T15:28:41 IST" name="TC004_verifyInvalidLoginErrorMessage" finished-at="2026-02-16T15:28:53 IST" duration-ms="11947" status="PASS">
          <reporter-output>
          </reporter-output>
        </test-method> <!-- TC004_verifyInvalidLoginErrorMessage -->
        <test-method is-config="true" signature="tearDown()[pri:0, instance:com.orangeHRM.qa.testCases.VerifyLoginPageTest@4331d187]" started-at="2026-02-16T15:28:53 IST" name="tearDown" finished-at="2026-02-16T15:28:53 IST" duration-ms="641" status="PASS">
          <reporter-output>
          </reporter-output>
        </test-method> <!-- tearDown -->
        <test-method is-config="true" signature="setup(org.testng.ITestContext)[pri:0, instance:com.orangeHRM.qa.testCases.VerifyLoginPageTest@4331d187]" started-at="2026-02-16T15:28:53 IST" name="setup" finished-at="2026-02-16T15:29:26 IST" duration-ms="32263" status="PASS">
          <params>
            <param index="0">
              <value>
                <![CDATA[org.testng.TestRunner@6ffc6ea7]]>
              </value>
            </param>
          </params>
          <reporter-output>
          </reporter-output>
        </test-method> <!-- setup -->
        <test-method signature="TC005_verifyForgotPasswordLink()[pri:0, instance:com.orangeHRM.qa.testCases.VerifyLoginPageTest@4331d187]" started-at="2026-02-16T15:29:26 IST" name="TC005_verifyForgotPasswordLink" finished-at="2026-02-16T15:29:31 IST" duration-ms="5470" status="PASS">
          <reporter-output>
          </reporter-output>
        </test-method> <!-- TC005_verifyForgotPasswordLink -->
        <test-method is-config="true" signature="tearDown()[pri:0, instance:com.orangeHRM.qa.testCases.VerifyLoginPageTest@4331d187]" started-at="2026-02-16T15:29:31 IST" name="tearDown" finished-at="2026-02-16T15:29:32 IST" duration-ms="478" status="PASS">
          <reporter-output>
          </reporter-output>
        </test-method> <!-- tearDown -->
        <test-method is-config="true" signature="setup(org.testng.ITestContext)[pri:0, instance:com.orangeHRM.qa.testCases.VerifyLoginPageTest@4331d187]" started-at="2026-02-16T15:29:32 IST" name="setup" finished-at="2026-02-16T15:30:06 IST" duration-ms="34805" status="PASS">
          <params>
            <param index="0">
              <value>
                <![CDATA[org.testng.TestRunner@6ffc6ea7]]>
              </value>
            </param>
          </params>
          <reporter-output>
          </reporter-output>
        </test-method> <!-- setup -->
        <test-method signature="TC006_verifyLoginPageLogo()[pri:0, instance:com.orangeHRM.qa.testCases.VerifyLoginPageTest@4331d187]" started-at="2026-02-16T15:30:06 IST" name="TC006_verifyLoginPageLogo" finished-at="2026-02-16T15:30:08 IST" duration-ms="1733" status="PASS">
          <reporter-output>
          </reporter-output>
        </test-method> <!-- TC006_verifyLoginPageLogo -->
        <test-method is-config="true" signature="tearDown()[pri:0, instance:com.orangeHRM.qa.testCases.VerifyLoginPageTest@4331d187]" started-at="2026-02-16T15:30:08 IST" name="tearDown" finished-at="2026-02-16T15:30:09 IST" duration-ms="441" status="PASS">
          <reporter-output>
          </reporter-output>
        </test-method> <!-- tearDown -->
      </class> <!-- com.orangeHRM.qa.testCases.VerifyLoginPageTest -->
    </test> <!-- Test -->
  </suite> <!-- Suite -->
</testng-results>
