<?xml version="1.0" encoding="UTF-8"?>
<testng-results ignored="0" total="10" passed="10" failed="0" skipped="0">
  <reporter-output>
  </reporter-output>
  <suite started-at="2026-02-16T14:10:48 IST" name="Suite" finished-at="2026-02-16T14:15:53 IST" duration-ms="304708">
    <groups>
      <group name="Master">
        <method signature="VerifyLoginPageTest.TC001_verifyLoginPageTitle()[pri:0, instance:com.orangeHRM.qa.testCases.VerifyLoginPageTest@554e218]" name="TC001_verifyLoginPageTitle" class="com.orangeHRM.qa.testCases.VerifyLoginPageTest"/>
        <method signature="VerifyLoginPageTest.TC002_verifyValidLoginFunctionality()[pri:0, instance:com.orangeHRM.qa.testCases.VerifyLoginPageTest@554e218]" name="TC002_verifyValidLoginFunctionality" class="com.orangeHRM.qa.testCases.VerifyLoginPageTest"/>
        <method signature="VerifyLoginPageTest.TC003_verifyValidAndInvalidLoginFunctionality(java.lang.String,java.lang.String,java.lang.String)[pri:0, instance:com.orangeHRM.qa.testCases.VerifyLoginPageTest@554e218]" name="TC003_verifyValidAndInvalidLoginFunctionality" class="com.orangeHRM.qa.testCases.VerifyLoginPageTest"/>
        <method signature="VerifyLoginPageTest.TC004_verifyInvalidLoginErrorMessage()[pri:0, instance:com.orangeHRM.qa.testCases.VerifyLoginPageTest@554e218]" name="TC004_verifyInvalidLoginErrorMessage" class="com.orangeHRM.qa.testCases.VerifyLoginPageTest"/>
        <method signature="VerifyLoginPageTest.TC005_verifyForgotPasswordLink()[pri:0, instance:com.orangeHRM.qa.testCases.VerifyLoginPageTest@554e218]" name="TC005_verifyForgotPasswordLink" class="com.orangeHRM.qa.testCases.VerifyLoginPageTest"/>
        <method signature="VerifyLoginPageTest.TC006_verifyLoginPageLogo()[pri:0, instance:com.orangeHRM.qa.testCases.VerifyLoginPageTest@554e218]" name="TC006_verifyLoginPageLogo" class="com.orangeHRM.qa.testCases.VerifyLoginPageTest"/>
      </group> <!-- Master -->
      <group name="Sanity">
        <method signature="VerifyLoginPageTest.TC002_verifyValidLoginFunctionality()[pri:0, instance:com.orangeHRM.qa.testCases.VerifyLoginPageTest@554e218]" name="TC002_verifyValidLoginFunctionality" class="com.orangeHRM.qa.testCases.VerifyLoginPageTest"/>
      </group> <!-- Sanity -->
      <group name="DataDriven">
        <method signature="VerifyLoginPageTest.TC003_verifyValidAndInvalidLoginFunctionality(java.lang.String,java.lang.String,java.lang.String)[pri:0, instance:com.orangeHRM.qa.testCases.VerifyLoginPageTest@554e218]" name="TC003_verifyValidAndInvalidLoginFunctionality" class="com.orangeHRM.qa.testCases.VerifyLoginPageTest"/>
      </group> <!-- DataDriven -->
      <group name="Regression">
        <method signature="VerifyLoginPageTest.TC001_verifyLoginPageTitle()[pri:0, instance:com.orangeHRM.qa.testCases.VerifyLoginPageTest@554e218]" name="TC001_verifyLoginPageTitle" class="com.orangeHRM.qa.testCases.VerifyLoginPageTest"/>
        <method signature="VerifyLoginPageTest.TC004_verifyInvalidLoginErrorMessage()[pri:0, instance:com.orangeHRM.qa.testCases.VerifyLoginPageTest@554e218]" name="TC004_verifyInvalidLoginErrorMessage" class="com.orangeHRM.qa.testCases.VerifyLoginPageTest"/>
        <method signature="VerifyLoginPageTest.TC005_verifyForgotPasswordLink()[pri:0, instance:com.orangeHRM.qa.testCases.VerifyLoginPageTest@554e218]" name="TC005_verifyForgotPasswordLink" class="com.orangeHRM.qa.testCases.VerifyLoginPageTest"/>
        <method signature="VerifyLoginPageTest.TC006_verifyLoginPageLogo()[pri:0, instance:com.orangeHRM.qa.testCases.VerifyLoginPageTest@554e218]" name="TC006_verifyLoginPageLogo" class="com.orangeHRM.qa.testCases.VerifyLoginPageTest"/>
      </group> <!-- Regression -->
    </groups>
    <test started-at="2026-02-16T14:10:48 IST" name="Test" finished-at="2026-02-16T14:15:53 IST" duration-ms="304708">
      <class name="com.orangeHRM.qa.testCases.VerifyLoginPageTest">
        <test-method is-config="true" signature="setup(org.testng.ITestContext)[pri:0, instance:com.orangeHRM.qa.testCases.VerifyLoginPageTest@554e218]" started-at="2026-02-16T14:10:49 IST" name="setup" finished-at="2026-02-16T14:11:20 IST" duration-ms="31703" status="PASS">
          <params>
            <param index="0">
              <value>
                <![CDATA[org.testng.TestRunner@7bda01da]]>
              </value>
            </param>
          </params>
          <reporter-output>
          </reporter-output>
        </test-method> <!-- setup -->
        <test-method signature="TC001_verifyLoginPageTitle()[pri:0, instance:com.orangeHRM.qa.testCases.VerifyLoginPageTest@554e218]" started-at="2026-02-16T14:11:20 IST" name="TC001_verifyLoginPageTitle" finished-at="2026-02-16T14:11:20 IST" duration-ms="138" status="PASS">
          <reporter-output>
          </reporter-output>
        </test-method> <!-- TC001_verifyLoginPageTitle -->
        <test-method is-config="true" signature="tearDown()[pri:0, instance:com.orangeHRM.qa.testCases.VerifyLoginPageTest@554e218]" started-at="2026-02-16T14:11:21 IST" name="tearDown" finished-at="2026-02-16T14:11:21 IST" duration-ms="551" status="PASS">
          <reporter-output>
          </reporter-output>
        </test-method> <!-- tearDown -->
        <test-method is-config="true" signature="setup(org.testng.ITestContext)[pri:0, instance:com.orangeHRM.qa.testCases.VerifyLoginPageTest@554e218]" started-at="2026-02-16T14:11:21 IST" name="setup" finished-at="2026-02-16T14:11:40 IST" duration-ms="18491" status="PASS">
          <params>
            <param index="0">
              <value>
                <![CDATA[org.testng.TestRunner@7bda01da]]>
              </value>
            </param>
          </params>
          <reporter-output>
          </reporter-output>
        </test-method> <!-- setup -->
        <test-method signature="TC002_verifyValidLoginFunctionality()[pri:0, instance:com.orangeHRM.qa.testCases.VerifyLoginPageTest@554e218]" started-at="2026-02-16T14:11:40 IST" name="TC002_verifyValidLoginFunctionality" finished-at="2026-02-16T14:11:47 IST" duration-ms="7698" status="PASS">
          <reporter-output>
          </reporter-output>
        </test-method> <!-- TC002_verifyValidLoginFunctionality -->
        <test-method is-config="true" signature="tearDown()[pri:0, instance:com.orangeHRM.qa.testCases.VerifyLoginPageTest@554e218]" started-at="2026-02-16T14:11:47 IST" name="tearDown" finished-at="2026-02-16T14:11:48 IST" duration-ms="513" status="PASS">
          <reporter-output>
          </reporter-output>
        </test-method> <!-- tearDown -->
        <test-method is-config="true" signature="setup(org.testng.ITestContext)[pri:0, instance:com.orangeHRM.qa.testCases.VerifyLoginPageTest@554e218]" started-at="2026-02-16T14:11:50 IST" name="setup" finished-at="2026-02-16T14:12:21 IST" duration-ms="31108" status="PASS">
          <params>
            <param index="0">
              <value>
                <![CDATA[org.testng.TestRunner@7bda01da]]>
              </value>
            </param>
          </params>
          <reporter-output>
          </reporter-output>
        </test-method> <!-- setup -->
        <test-method signature="TC003_verifyValidAndInvalidLoginFunctionality(java.lang.String,java.lang.String,java.lang.String)[pri:0, instance:com.orangeHRM.qa.testCases.VerifyLoginPageTest@554e218]" started-at="2026-02-16T14:12:21 IST" name="TC003_verifyValidAndInvalidLoginFunctionality" data-provider="LoginData" finished-at="2026-02-16T14:12:28 IST" duration-ms="7583" status="PASS">
          <params>
            <param index="0">
              <value>
                <![CDATA[Admin]]>
              </value>
            </param>
            <param index="1">
              <value>
                <![CDATA[admin123]]>
              </value>
            </param>
            <param index="2">
              <value>
                <![CDATA[Valid]]>
              </value>
            </param>
          </params>
          <reporter-output>
          </reporter-output>
        </test-method> <!-- TC003_verifyValidAndInvalidLoginFunctionality -->
        <test-method is-config="true" signature="tearDown()[pri:0, instance:com.orangeHRM.qa.testCases.VerifyLoginPageTest@554e218]" started-at="2026-02-16T14:12:28 IST" name="tearDown" finished-at="2026-02-16T14:12:29 IST" duration-ms="476" status="PASS">
          <reporter-output>
          </reporter-output>
        </test-method> <!-- tearDown -->
        <test-method is-config="true" signature="setup(org.testng.ITestContext)[pri:0, instance:com.orangeHRM.qa.testCases.VerifyLoginPageTest@554e218]" started-at="2026-02-16T14:12:29 IST" name="setup" finished-at="2026-02-16T14:12:46 IST" duration-ms="16926" status="PASS">
          <params>
            <param index="0">
              <value>
                <![CDATA[org.testng.TestRunner@7bda01da]]>
              </value>
            </param>
          </params>
          <reporter-output>
          </reporter-output>
        </test-method> <!-- setup -->
        <test-method signature="TC003_verifyValidAndInvalidLoginFunctionality(java.lang.String,java.lang.String,java.lang.String)[pri:0, instance:com.orangeHRM.qa.testCases.VerifyLoginPageTest@554e218]" started-at="2026-02-16T14:12:46 IST" name="TC003_verifyValidAndInvalidLoginFunctionality" data-provider="LoginData" finished-at="2026-02-16T14:13:01 IST" duration-ms="15052" status="PASS">
          <params>
            <param index="0">
              <value>
                <![CDATA[admin]]>
              </value>
            </param>
            <param index="1">
              <value>
                <![CDATA[admin1234]]>
              </value>
            </param>
            <param index="2">
              <value>
                <![CDATA[Invalid]]>
              </value>
            </param>
          </params>
          <reporter-output>
          </reporter-output>
        </test-method> <!-- TC003_verifyValidAndInvalidLoginFunctionality -->
        <test-method is-config="true" signature="tearDown()[pri:0, instance:com.orangeHRM.qa.testCases.VerifyLoginPageTest@554e218]" started-at="2026-02-16T14:13:01 IST" name="tearDown" finished-at="2026-02-16T14:13:01 IST" duration-ms="407" status="PASS">
          <reporter-output>
          </reporter-output>
        </test-method> <!-- tearDown -->
        <test-method is-config="true" signature="setup(org.testng.ITestContext)[pri:0, instance:com.orangeHRM.qa.testCases.VerifyLoginPageTest@554e218]" started-at="2026-02-16T14:13:01 IST" name="setup" finished-at="2026-02-16T14:13:18 IST" duration-ms="17193" status="PASS">
          <params>
            <param index="0">
              <value>
                <![CDATA[org.testng.TestRunner@7bda01da]]>
              </value>
            </param>
          </params>
          <reporter-output>
          </reporter-output>
        </test-method> <!-- setup -->
        <test-method signature="TC003_verifyValidAndInvalidLoginFunctionality(java.lang.String,java.lang.String,java.lang.String)[pri:0, instance:com.orangeHRM.qa.testCases.VerifyLoginPageTest@554e218]" started-at="2026-02-16T14:13:18 IST" name="TC003_verifyValidAndInvalidLoginFunctionality" data-provider="LoginData" finished-at="2026-02-16T14:13:31 IST" duration-ms="13010" status="PASS">
          <params>
            <param index="0">
              <value>
                <![CDATA[admin1]]>
              </value>
            </param>
            <param index="1">
              <value>
                <![CDATA[admin321]]>
              </value>
            </param>
            <param index="2">
              <value>
                <![CDATA[Invalid]]>
              </value>
            </param>
          </params>
          <reporter-output>
          </reporter-output>
        </test-method> <!-- TC003_verifyValidAndInvalidLoginFunctionality -->
        <test-method is-config="true" signature="tearDown()[pri:0, instance:com.orangeHRM.qa.testCases.VerifyLoginPageTest@554e218]" started-at="2026-02-16T14:13:31 IST" name="tearDown" finished-at="2026-02-16T14:13:32 IST" duration-ms="455" status="PASS">
          <reporter-output>
          </reporter-output>
        </test-method> <!-- tearDown -->
        <test-method is-config="true" signature="setup(org.testng.ITestContext)[pri:0, instance:com.orangeHRM.qa.testCases.VerifyLoginPageTest@554e218]" started-at="2026-02-16T14:13:32 IST" name="setup" finished-at="2026-02-16T14:14:06 IST" duration-ms="33879" status="PASS">
          <params>
            <param index="0">
              <value>
                <![CDATA[org.testng.TestRunner@7bda01da]]>
              </value>
            </param>
          </params>
          <reporter-output>
          </reporter-output>
        </test-method> <!-- setup -->
        <test-method signature="TC003_verifyValidAndInvalidLoginFunctionality(java.lang.String,java.lang.String,java.lang.String)[pri:0, instance:com.orangeHRM.qa.testCases.VerifyLoginPageTest@554e218]" started-at="2026-02-16T14:14:06 IST" name="TC003_verifyValidAndInvalidLoginFunctionality" data-provider="LoginData" finished-at="2026-02-16T14:14:19 IST" duration-ms="12731" status="PASS">
          <params>
            <param index="0">
              <value>
                <![CDATA[Admin]]>
              </value>
            </param>
            <param index="1">
              <value>
                <![CDATA[admin1232]]>
              </value>
            </param>
            <param index="2">
              <value>
                <![CDATA[Invalid]]>
              </value>
            </param>
          </params>
          <reporter-output>
          </reporter-output>
        </test-method> <!-- TC003_verifyValidAndInvalidLoginFunctionality -->
        <test-method is-config="true" signature="tearDown()[pri:0, instance:com.orangeHRM.qa.testCases.VerifyLoginPageTest@554e218]" started-at="2026-02-16T14:14:19 IST" name="tearDown" finished-at="2026-02-16T14:14:19 IST" duration-ms="718" status="PASS">
          <reporter-output>
          </reporter-output>
        </test-method> <!-- tearDown -->
        <test-method is-config="true" signature="setup(org.testng.ITestContext)[pri:0, instance:com.orangeHRM.qa.testCases.VerifyLoginPageTest@554e218]" started-at="2026-02-16T14:14:19 IST" name="setup" finished-at="2026-02-16T14:14:35 IST" duration-ms="15807" status="PASS">
          <params>
            <param index="0">
              <value>
                <![CDATA[org.testng.TestRunner@7bda01da]]>
              </value>
            </param>
          </params>
          <reporter-output>
          </reporter-output>
        </test-method> <!-- setup -->
        <test-method signature="TC003_verifyValidAndInvalidLoginFunctionality(java.lang.String,java.lang.String,java.lang.String)[pri:0, instance:com.orangeHRM.qa.testCases.VerifyLoginPageTest@554e218]" started-at="2026-02-16T14:14:35 IST" name="TC003_verifyValidAndInvalidLoginFunctionality" data-provider="LoginData" finished-at="2026-02-16T14:14:47 IST" duration-ms="12291" status="PASS">
          <params>
            <param index="0">
              <value>
                <![CDATA[Admin]]>
              </value>
            </param>
            <param index="1">
              <value>
                <![CDATA[admin123]]>
              </value>
            </param>
            <param index="2">
              <value>
                <![CDATA[Valid]]>
              </value>
            </param>
          </params>
          <reporter-output>
          </reporter-output>
        </test-method> <!-- TC003_verifyValidAndInvalidLoginFunctionality -->
        <test-method is-config="true" signature="tearDown()[pri:0, instance:com.orangeHRM.qa.testCases.VerifyLoginPageTest@554e218]" started-at="2026-02-16T14:14:47 IST" name="tearDown" finished-at="2026-02-16T14:14:48 IST" duration-ms="474" status="PASS">
          <reporter-output>
          </reporter-output>
        </test-method> <!-- tearDown -->
        <test-method is-config="true" signature="setup(org.testng.ITestContext)[pri:0, instance:com.orangeHRM.qa.testCases.VerifyLoginPageTest@554e218]" started-at="2026-02-16T14:14:48 IST" name="setup" finished-at="2026-02-16T14:15:08 IST" duration-ms="19942" status="PASS">
          <params>
            <param index="0">
              <value>
                <![CDATA[org.testng.TestRunner@7bda01da]]>
              </value>
            </param>
          </params>
          <reporter-output>
          </reporter-output>
        </test-method> <!-- setup -->
        <test-method signature="TC004_verifyInvalidLoginErrorMessage()[pri:0, instance:com.orangeHRM.qa.testCases.VerifyLoginPageTest@554e218]" started-at="2026-02-16T14:15:08 IST" name="TC004_verifyInvalidLoginErrorMessage" finished-at="2026-02-16T14:15:15 IST" duration-ms="7199" status="PASS">
          <reporter-output>
          </reporter-output>
        </test-method> <!-- TC004_verifyInvalidLoginErrorMessage -->
        <test-method is-config="true" signature="tearDown()[pri:0, instance:com.orangeHRM.qa.testCases.VerifyLoginPageTest@554e218]" started-at="2026-02-16T14:15:15 IST" name="tearDown" finished-at="2026-02-16T14:15:15 IST" duration-ms="525" status="PASS">
          <reporter-output>
          </reporter-output>
        </test-method> <!-- tearDown -->
        <test-method is-config="true" signature="setup(org.testng.ITestContext)[pri:0, instance:com.orangeHRM.qa.testCases.VerifyLoginPageTest@554e218]" started-at="2026-02-16T14:15:15 IST" name="setup" finished-at="2026-02-16T14:15:28 IST" duration-ms="12067" status="PASS">
          <params>
            <param index="0">
              <value>
                <![CDATA[org.testng.TestRunner@7bda01da]]>
              </value>
            </param>
          </params>
          <reporter-output>
          </reporter-output>
        </test-method> <!-- setup -->
        <test-method signature="TC005_verifyForgotPasswordLink()[pri:0, instance:com.orangeHRM.qa.testCases.VerifyLoginPageTest@554e218]" started-at="2026-02-16T14:15:28 IST" name="TC005_verifyForgotPasswordLink" finished-at="2026-02-16T14:15:28 IST" duration-ms="775" status="PASS">
          <reporter-output>
          </reporter-output>
        </test-method> <!-- TC005_verifyForgotPasswordLink -->
        <test-method is-config="true" signature="tearDown()[pri:0, instance:com.orangeHRM.qa.testCases.VerifyLoginPageTest@554e218]" started-at="2026-02-16T14:15:28 IST" name="tearDown" finished-at="2026-02-16T14:15:29 IST" duration-ms="426" status="PASS">
          <reporter-output>
          </reporter-output>
        </test-method> <!-- tearDown -->
        <test-method is-config="true" signature="setup(org.testng.ITestContext)[pri:0, instance:com.orangeHRM.qa.testCases.VerifyLoginPageTest@554e218]" started-at="2026-02-16T14:15:29 IST" name="setup" finished-at="2026-02-16T14:15:48 IST" duration-ms="19434" status="PASS">
          <params>
            <param index="0">
              <value>
                <![CDATA[org.testng.TestRunner@7bda01da]]>
              </value>
            </param>
          </params>
          <reporter-output>
          </reporter-output>
        </test-method> <!-- setup -->
        <test-method signature="TC006_verifyLoginPageLogo()[pri:0, instance:com.orangeHRM.qa.testCases.VerifyLoginPageTest@554e218]" started-at="2026-02-16T14:15:48 IST" name="TC006_verifyLoginPageLogo" finished-at="2026-02-16T14:15:52 IST" duration-ms="3930" status="PASS">
          <reporter-output>
          </reporter-output>
        </test-method> <!-- TC006_verifyLoginPageLogo -->
        <test-method is-config="true" signature="tearDown()[pri:0, instance:com.orangeHRM.qa.testCases.VerifyLoginPageTest@554e218]" started-at="2026-02-16T14:15:52 IST" name="tearDown" finished-at="2026-02-16T14:15:53 IST" duration-ms="506" status="PASS">
          <reporter-output>
          </reporter-output>
        </test-method> <!-- tearDown -->
      </class> <!-- com.orangeHRM.qa.testCases.VerifyLoginPageTest -->
    </test> <!-- Test -->
  </suite> <!-- Suite -->
</testng-results>
