<?xml version="1.0" encoding="UTF-8"?>
<testng-results ignored="0" total="7" passed="7" failed="0" skipped="0">
  <reporter-output>
  </reporter-output>
  <suite started-at="2026-02-14T17:13:50 IST" name="Suite" finished-at="2026-02-14T17:16:06 IST" duration-ms="135847">
    <groups>
      <group name="Master">
        <method signature="VerifyLoginPageTest.TC001_verifyLoginPageTitle()[pri:0, instance:com.orangeHRM.qa.testCases.VerifyLoginPageTest@29a0cdb]" name="TC001_verifyLoginPageTitle" class="com.orangeHRM.qa.testCases.VerifyLoginPageTest"/>
        <method signature="VerifyLoginPageTest.TC002_verifyValidLoginFunctionality()[pri:0, instance:com.orangeHRM.qa.testCases.VerifyLoginPageTest@29a0cdb]" name="TC002_verifyValidLoginFunctionality" class="com.orangeHRM.qa.testCases.VerifyLoginPageTest"/>
        <method signature="VerifyLoginPageTest.TC003_verifyValidAndInvalidLoginFunctionality(java.lang.String,java.lang.String,java.lang.String)[pri:0, instance:com.orangeHRM.qa.testCases.VerifyLoginPageTest@29a0cdb]" name="TC003_verifyValidAndInvalidLoginFunctionality" class="com.orangeHRM.qa.testCases.VerifyLoginPageTest"/>
      </group> <!-- Master -->
      <group name="Sanity">
        <method signature="VerifyLoginPageTest.TC002_verifyValidLoginFunctionality()[pri:0, instance:com.orangeHRM.qa.testCases.VerifyLoginPageTest@29a0cdb]" name="TC002_verifyValidLoginFunctionality" class="com.orangeHRM.qa.testCases.VerifyLoginPageTest"/>
      </group> <!-- Sanity -->
      <group name="DataDriven">
        <method signature="VerifyLoginPageTest.TC003_verifyValidAndInvalidLoginFunctionality(java.lang.String,java.lang.String,java.lang.String)[pri:0, instance:com.orangeHRM.qa.testCases.VerifyLoginPageTest@29a0cdb]" name="TC003_verifyValidAndInvalidLoginFunctionality" class="com.orangeHRM.qa.testCases.VerifyLoginPageTest"/>
      </group> <!-- DataDriven -->
      <group name="Regression">
        <method signature="VerifyLoginPageTest.TC001_verifyLoginPageTitle()[pri:0, instance:com.orangeHRM.qa.testCases.VerifyLoginPageTest@29a0cdb]" name="TC001_verifyLoginPageTitle" class="com.orangeHRM.qa.testCases.VerifyLoginPageTest"/>
      </group> <!-- Regression -->
    </groups>
    <test started-at="2026-02-14T17:13:50 IST" name="Test" finished-at="2026-02-14T17:16:06 IST" duration-ms="135847">
      <class name="com.orangeHRM.qa.testCases.VerifyLoginPageTest">
        <test-method is-config="true" signature="setup(java.lang.String,java.lang.String)[pri:0, instance:com.orangeHRM.qa.testCases.VerifyLoginPageTest@29a0cdb]" started-at="2026-02-14T17:13:51 IST" name="setup" finished-at="2026-02-14T17:14:02 IST" duration-ms="10962" status="PASS">
          <params>
            <param index="0">
              <value>
                <![CDATA[windows]]>
              </value>
            </param>
            <param index="1">
              <value>
                <![CDATA[chrome]]>
              </value>
            </param>
          </params>
          <reporter-output>
          </reporter-output>
        </test-method> <!-- setup -->
        <test-method signature="TC001_verifyLoginPageTitle()[pri:0, instance:com.orangeHRM.qa.testCases.VerifyLoginPageTest@29a0cdb]" started-at="2026-02-14T17:14:02 IST" name="TC001_verifyLoginPageTitle" finished-at="2026-02-14T17:14:02 IST" duration-ms="192" status="PASS">
          <reporter-output>
          </reporter-output>
        </test-method> <!-- TC001_verifyLoginPageTitle -->
        <test-method is-config="true" signature="tearDown()[pri:0, instance:com.orangeHRM.qa.testCases.VerifyLoginPageTest@29a0cdb]" started-at="2026-02-14T17:14:02 IST" name="tearDown" finished-at="2026-02-14T17:14:03 IST" duration-ms="923" status="PASS">
          <reporter-output>
          </reporter-output>
        </test-method> <!-- tearDown -->
        <test-method is-config="true" signature="setup(java.lang.String,java.lang.String)[pri:0, instance:com.orangeHRM.qa.testCases.VerifyLoginPageTest@29a0cdb]" started-at="2026-02-14T17:14:03 IST" name="setup" finished-at="2026-02-14T17:14:15 IST" duration-ms="11979" status="PASS">
          <params>
            <param index="0">
              <value>
                <![CDATA[windows]]>
              </value>
            </param>
            <param index="1">
              <value>
                <![CDATA[chrome]]>
              </value>
            </param>
          </params>
          <reporter-output>
          </reporter-output>
        </test-method> <!-- setup -->
        <test-method signature="TC002_verifyValidLoginFunctionality()[pri:0, instance:com.orangeHRM.qa.testCases.VerifyLoginPageTest@29a0cdb]" started-at="2026-02-14T17:14:15 IST" name="TC002_verifyValidLoginFunctionality" finished-at="2026-02-14T17:14:20 IST" duration-ms="4590" status="PASS">
          <reporter-output>
          </reporter-output>
        </test-method> <!-- TC002_verifyValidLoginFunctionality -->
        <test-method is-config="true" signature="tearDown()[pri:0, instance:com.orangeHRM.qa.testCases.VerifyLoginPageTest@29a0cdb]" started-at="2026-02-14T17:14:20 IST" name="tearDown" finished-at="2026-02-14T17:14:20 IST" duration-ms="809" status="PASS">
          <reporter-output>
          </reporter-output>
        </test-method> <!-- tearDown -->
        <test-method is-config="true" signature="setup(java.lang.String,java.lang.String)[pri:0, instance:com.orangeHRM.qa.testCases.VerifyLoginPageTest@29a0cdb]" started-at="2026-02-14T17:14:22 IST" name="setup" finished-at="2026-02-14T17:14:31 IST" duration-ms="8698" status="PASS">
          <params>
            <param index="0">
              <value>
                <![CDATA[windows]]>
              </value>
            </param>
            <param index="1">
              <value>
                <![CDATA[chrome]]>
              </value>
            </param>
          </params>
          <reporter-output>
          </reporter-output>
        </test-method> <!-- setup -->
        <test-method signature="TC003_verifyValidAndInvalidLoginFunctionality(java.lang.String,java.lang.String,java.lang.String)[pri:0, instance:com.orangeHRM.qa.testCases.VerifyLoginPageTest@29a0cdb]" started-at="2026-02-14T17:14:31 IST" name="TC003_verifyValidAndInvalidLoginFunctionality" data-provider="LoginData" finished-at="2026-02-14T17:14:38 IST" duration-ms="7471" status="PASS">
          <params>
            <param index="0">
              <value>
                <![CDATA[Admin]]>
              </value>
            </param>
            <param index="1">
              <value>
                <![CDATA[admin123]]>
              </value>
            </param>
            <param index="2">
              <value>
                <![CDATA[Valid]]>
              </value>
            </param>
          </params>
          <reporter-output>
          </reporter-output>
        </test-method> <!-- TC003_verifyValidAndInvalidLoginFunctionality -->
        <test-method is-config="true" signature="tearDown()[pri:0, instance:com.orangeHRM.qa.testCases.VerifyLoginPageTest@29a0cdb]" started-at="2026-02-14T17:14:38 IST" name="tearDown" finished-at="2026-02-14T17:14:39 IST" duration-ms="857" status="PASS">
          <reporter-output>
          </reporter-output>
        </test-method> <!-- tearDown -->
        <test-method is-config="true" signature="setup(java.lang.String,java.lang.String)[pri:0, instance:com.orangeHRM.qa.testCases.VerifyLoginPageTest@29a0cdb]" started-at="2026-02-14T17:14:39 IST" name="setup" finished-at="2026-02-14T17:14:47 IST" duration-ms="8003" status="PASS">
          <params>
            <param index="0">
              <value>
                <![CDATA[windows]]>
              </value>
            </param>
            <param index="1">
              <value>
                <![CDATA[chrome]]>
              </value>
            </param>
          </params>
          <reporter-output>
          </reporter-output>
        </test-method> <!-- setup -->
        <test-method signature="TC003_verifyValidAndInvalidLoginFunctionality(java.lang.String,java.lang.String,java.lang.String)[pri:0, instance:com.orangeHRM.qa.testCases.VerifyLoginPageTest@29a0cdb]" started-at="2026-02-14T17:14:47 IST" name="TC003_verifyValidAndInvalidLoginFunctionality" data-provider="LoginData" finished-at="2026-02-14T17:14:59 IST" duration-ms="11716" status="PASS">
          <params>
            <param index="0">
              <value>
                <![CDATA[admin]]>
              </value>
            </param>
            <param index="1">
              <value>
                <![CDATA[admin1234]]>
              </value>
            </param>
            <param index="2">
              <value>
                <![CDATA[Invalid]]>
              </value>
            </param>
          </params>
          <reporter-output>
          </reporter-output>
        </test-method> <!-- TC003_verifyValidAndInvalidLoginFunctionality -->
        <test-method is-config="true" signature="tearDown()[pri:0, instance:com.orangeHRM.qa.testCases.VerifyLoginPageTest@29a0cdb]" started-at="2026-02-14T17:14:59 IST" name="tearDown" finished-at="2026-02-14T17:15:00 IST" duration-ms="930" status="PASS">
          <reporter-output>
          </reporter-output>
        </test-method> <!-- tearDown -->
        <test-method is-config="true" signature="setup(java.lang.String,java.lang.String)[pri:0, instance:com.orangeHRM.qa.testCases.VerifyLoginPageTest@29a0cdb]" started-at="2026-02-14T17:15:00 IST" name="setup" finished-at="2026-02-14T17:15:08 IST" duration-ms="8149" status="PASS">
          <params>
            <param index="0">
              <value>
                <![CDATA[windows]]>
              </value>
            </param>
            <param index="1">
              <value>
                <![CDATA[chrome]]>
              </value>
            </param>
          </params>
          <reporter-output>
          </reporter-output>
        </test-method> <!-- setup -->
        <test-method signature="TC003_verifyValidAndInvalidLoginFunctionality(java.lang.String,java.lang.String,java.lang.String)[pri:0, instance:com.orangeHRM.qa.testCases.VerifyLoginPageTest@29a0cdb]" started-at="2026-02-14T17:15:08 IST" name="TC003_verifyValidAndInvalidLoginFunctionality" data-provider="LoginData" finished-at="2026-02-14T17:15:20 IST" duration-ms="11756" status="PASS">
          <params>
            <param index="0">
              <value>
                <![CDATA[admin1]]>
              </value>
            </param>
            <param index="1">
              <value>
                <![CDATA[admin321]]>
              </value>
            </param>
            <param index="2">
              <value>
                <![CDATA[Invalid]]>
              </value>
            </param>
          </params>
          <reporter-output>
          </reporter-output>
        </test-method> <!-- TC003_verifyValidAndInvalidLoginFunctionality -->
        <test-method is-config="true" signature="tearDown()[pri:0, instance:com.orangeHRM.qa.testCases.VerifyLoginPageTest@29a0cdb]" started-at="2026-02-14T17:15:20 IST" name="tearDown" finished-at="2026-02-14T17:15:21 IST" duration-ms="1011" status="PASS">
          <reporter-output>
          </reporter-output>
        </test-method> <!-- tearDown -->
        <test-method is-config="true" signature="setup(java.lang.String,java.lang.String)[pri:0, instance:com.orangeHRM.qa.testCases.VerifyLoginPageTest@29a0cdb]" started-at="2026-02-14T17:15:21 IST" name="setup" finished-at="2026-02-14T17:15:33 IST" duration-ms="12251" status="PASS">
          <params>
            <param index="0">
              <value>
                <![CDATA[windows]]>
              </value>
            </param>
            <param index="1">
              <value>
                <![CDATA[chrome]]>
              </value>
            </param>
          </params>
          <reporter-output>
          </reporter-output>
        </test-method> <!-- setup -->
        <test-method signature="TC003_verifyValidAndInvalidLoginFunctionality(java.lang.String,java.lang.String,java.lang.String)[pri:0, instance:com.orangeHRM.qa.testCases.VerifyLoginPageTest@29a0cdb]" started-at="2026-02-14T17:15:33 IST" name="TC003_verifyValidAndInvalidLoginFunctionality" data-provider="LoginData" finished-at="2026-02-14T17:15:45 IST" duration-ms="12181" status="PASS">
          <params>
            <param index="0">
              <value>
                <![CDATA[Admin]]>
              </value>
            </param>
            <param index="1">
              <value>
                <![CDATA[admin1232]]>
              </value>
            </param>
            <param index="2">
              <value>
                <![CDATA[Invalid]]>
              </value>
            </param>
          </params>
          <reporter-output>
          </reporter-output>
        </test-method> <!-- TC003_verifyValidAndInvalidLoginFunctionality -->
        <test-method is-config="true" signature="tearDown()[pri:0, instance:com.orangeHRM.qa.testCases.VerifyLoginPageTest@29a0cdb]" started-at="2026-02-14T17:15:45 IST" name="tearDown" finished-at="2026-02-14T17:15:46 IST" duration-ms="968" status="PASS">
          <reporter-output>
          </reporter-output>
        </test-method> <!-- tearDown -->
        <test-method is-config="true" signature="setup(java.lang.String,java.lang.String)[pri:0, instance:com.orangeHRM.qa.testCases.VerifyLoginPageTest@29a0cdb]" started-at="2026-02-14T17:15:46 IST" name="setup" finished-at="2026-02-14T17:15:57 IST" duration-ms="10686" status="PASS">
          <params>
            <param index="0">
              <value>
                <![CDATA[windows]]>
              </value>
            </param>
            <param index="1">
              <value>
                <![CDATA[chrome]]>
              </value>
            </param>
          </params>
          <reporter-output>
          </reporter-output>
        </test-method> <!-- setup -->
        <test-method signature="TC003_verifyValidAndInvalidLoginFunctionality(java.lang.String,java.lang.String,java.lang.String)[pri:0, instance:com.orangeHRM.qa.testCases.VerifyLoginPageTest@29a0cdb]" started-at="2026-02-14T17:15:57 IST" name="TC003_verifyValidAndInvalidLoginFunctionality" data-provider="LoginData" finished-at="2026-02-14T17:16:05 IST" duration-ms="8392" status="PASS">
          <params>
            <param index="0">
              <value>
                <![CDATA[Admin]]>
              </value>
            </param>
            <param index="1">
              <value>
                <![CDATA[admin123]]>
              </value>
            </param>
            <param index="2">
              <value>
                <![CDATA[Valid]]>
              </value>
            </param>
          </params>
          <reporter-output>
          </reporter-output>
        </test-method> <!-- TC003_verifyValidAndInvalidLoginFunctionality -->
        <test-method is-config="true" signature="tearDown()[pri:0, instance:com.orangeHRM.qa.testCases.VerifyLoginPageTest@29a0cdb]" started-at="2026-02-14T17:16:05 IST" name="tearDown" finished-at="2026-02-14T17:16:06 IST" duration-ms="866" status="PASS">
          <reporter-output>
          </reporter-output>
        </test-method> <!-- tearDown -->
      </class> <!-- com.orangeHRM.qa.testCases.VerifyLoginPageTest -->
    </test> <!-- Test -->
  </suite> <!-- Suite -->
</testng-results>
