<?xml version="1.0" encoding="UTF-8"?>
<testng-results ignored="0" total="1" passed="1" failed="0" skipped="0">
  <reporter-output>
  </reporter-output>
  <suite started-at="2026-02-14T16:01:58 IST" name="Suite" finished-at="2026-02-14T16:02:17 IST" duration-ms="18388">
    <groups>
      <group name="Master">
        <method signature="VerifyLoginPageTest.TC001_verifyLoginPageTitle()[pri:0, instance:com.orangeHRM.qa.testCases.VerifyLoginPageTest@73194df]" name="TC001_verifyLoginPageTitle" class="com.orangeHRM.qa.testCases.VerifyLoginPageTest"/>
      </group> <!-- Master -->
      <group name="Regression">
        <method signature="VerifyLoginPageTest.TC001_verifyLoginPageTitle()[pri:0, instance:com.orangeHRM.qa.testCases.VerifyLoginPageTest@73194df]" name="TC001_verifyLoginPageTitle" class="com.orangeHRM.qa.testCases.VerifyLoginPageTest"/>
      </group> <!-- Regression -->
    </groups>
    <test started-at="2026-02-14T16:01:58 IST" name="Test" finished-at="2026-02-14T16:02:17 IST" duration-ms="18388">
      <class name="com.orangeHRM.qa.testCases.VerifyLoginPageTest">
        <test-method is-config="true" signature="setup(java.lang.String,java.lang.String)[pri:0, instance:com.orangeHRM.qa.testCases.VerifyLoginPageTest@73194df]" started-at="2026-02-14T16:01:59 IST" name="setup" finished-at="2026-02-14T16:02:16 IST" duration-ms="17725" status="PASS">
          <params>
            <param index="0">
              <value>
                <![CDATA[windows]]>
              </value>
            </param>
            <param index="1">
              <value>
                <![CDATA[chrome]]>
              </value>
            </param>
          </params>
          <reporter-output>
          </reporter-output>
        </test-method> <!-- setup -->
        <test-method signature="TC001_verifyLoginPageTitle()[pri:0, instance:com.orangeHRM.qa.testCases.VerifyLoginPageTest@73194df]" started-at="2026-02-14T16:02:16 IST" name="TC001_verifyLoginPageTitle" finished-at="2026-02-14T16:02:16 IST" duration-ms="126" status="PASS">
          <reporter-output>
          </reporter-output>
        </test-method> <!-- TC001_verifyLoginPageTitle -->
        <test-method is-config="true" signature="tearDown()[pri:0, instance:com.orangeHRM.qa.testCases.VerifyLoginPageTest@73194df]" started-at="2026-02-14T16:02:16 IST" name="tearDown" finished-at="2026-02-14T16:02:17 IST" duration-ms="421" status="PASS">
          <reporter-output>
          </reporter-output>
        </test-method> <!-- tearDown -->
      </class> <!-- com.orangeHRM.qa.testCases.VerifyLoginPageTest -->
    </test> <!-- Test -->
  </suite> <!-- Suite -->
</testng-results>
