<?xml version="1.0" encoding="UTF-8"?>
<!-- Generated by org.testng.reporters.JUnitReportReporter -->
<testsuite hostname="DESKTOP-2P7KUM1" failures="0" tests="10" name="com.orangeHRM.qa.testCases.VerifyLoginPageTest" time="290.365" errors="0" timestamp="2026-02-16T20:22:00 IST" skipped="0">
  <testcase classname="com.orangeHRM.qa.testCases.VerifyLoginPageTest" name="TC004_verifyInvalidLoginErrorMessage" time="33.998"/>
  <testcase classname="com.orangeHRM.qa.testCases.VerifyLoginPageTest" name="TC003_verifyValidAndInvalidLoginFunctionality" time="39.874"/>
  <testcase classname="com.orangeHRM.qa.testCases.VerifyLoginPageTest" name="TC003_verifyValidAndInvalidLoginFunctionality" time="36.972"/>
  <testcase classname="com.orangeHRM.qa.testCases.VerifyLoginPageTest" name="TC005_verifyForgotPasswordLink" time="19.463"/>
  <testcase classname="com.orangeHRM.qa.testCases.VerifyLoginPageTest" name="TC002_verifyValidLoginFunctionality" time="28.906"/>
  <testcase classname="com.orangeHRM.qa.testCases.VerifyLoginPageTest" name="TC003_verifyValidAndInvalidLoginFunctionality" time="21.860"/>
  <testcase classname="com.orangeHRM.qa.testCases.VerifyLoginPageTest" name="TC003_verifyValidAndInvalidLoginFunctionality" time="29.519"/>
  <testcase classname="com.orangeHRM.qa.testCases.VerifyLoginPageTest" name="TC003_verifyValidAndInvalidLoginFunctionality" time="30.144"/>
  <testcase classname="com.orangeHRM.qa.testCases.VerifyLoginPageTest" name="TC001_verifyLoginPageTitle" time="26.489"/>
  <testcase classname="com.orangeHRM.qa.testCases.VerifyLoginPageTest" name="TC006_verifyLoginPageLogo" time="23.140"/>
</testsuite> <!-- com.orangeHRM.qa.testCases.VerifyLoginPageTest -->
