<?xml version="1.0" encoding="UTF-8"?>
<!-- Generated by org.testng.reporters.JUnitReportReporter -->
<testsuite hostname="DESKTOP-2P7KUM1" failures="0" tests="10" name="com.orangeHRM.qa.testCases.VerifyLoginPageTest" time="128.835" errors="0" timestamp="2026-02-16T16:52:35 IST" skipped="0">
  <testcase classname="com.orangeHRM.qa.testCases.VerifyLoginPageTest" name="TC004_verifyInvalidLoginErrorMessage" time="10.750"/>
  <testcase classname="com.orangeHRM.qa.testCases.VerifyLoginPageTest" name="TC003_verifyValidAndInvalidLoginFunctionality" time="12.815"/>
  <testcase classname="com.orangeHRM.qa.testCases.VerifyLoginPageTest" name="TC003_verifyValidAndInvalidLoginFunctionality" time="18.654"/>
  <testcase classname="com.orangeHRM.qa.testCases.VerifyLoginPageTest" name="TC002_verifyValidLoginFunctionality" time="11.030"/>
  <testcase classname="com.orangeHRM.qa.testCases.VerifyLoginPageTest" name="TC006_verifyLoginPageLogo" time="10.524"/>
  <testcase classname="com.orangeHRM.qa.testCases.VerifyLoginPageTest" name="TC003_verifyValidAndInvalidLoginFunctionality" time="13.624"/>
  <testcase classname="com.orangeHRM.qa.testCases.VerifyLoginPageTest" name="TC005_verifyForgotPasswordLink" time="7.953"/>
  <testcase classname="com.orangeHRM.qa.testCases.VerifyLoginPageTest" name="TC001_verifyLoginPageTitle" time="6.992"/>
  <testcase classname="com.orangeHRM.qa.testCases.VerifyLoginPageTest" name="TC003_verifyValidAndInvalidLoginFunctionality" time="17.570"/>
  <testcase classname="com.orangeHRM.qa.testCases.VerifyLoginPageTest" name="TC003_verifyValidAndInvalidLoginFunctionality" time="18.923"/>
</testsuite> <!-- com.orangeHRM.qa.testCases.VerifyLoginPageTest -->
