<?xml version="1.0" encoding="UTF-8"?>
<!-- Generated by org.testng.reporters.JUnitReportReporter -->
<testsuite hostname="DESKTOP-2P7KUM1" failures="0" tests="2" name="com.orangeHRM.qa.testCases.VerifyDashboardPageTest" time="42.051" errors="0" timestamp="2026-02-16T20:22:00 IST" skipped="0">
  <testcase classname="com.orangeHRM.qa.testCases.VerifyDashboardPageTest" name="TC007_verifyQuickLaunchOptions" time="16.864"/>
  <testcase classname="com.orangeHRM.qa.testCases.VerifyDashboardPageTest" name="TC006_verifyAllMenusArePresent" time="25.187"/>
</testsuite> <!-- com.orangeHRM.qa.testCases.VerifyDashboardPageTest -->
